<?xml version="1.0" encoding="UTF-8"?>
<!-- Generated by org.testng.reporters.JUnitReportReporter -->
<testsuite hostname="Gopi" failures="0" tests="1" name="testCases.userRole" time="8.966" errors="0" timestamp="2022-03-15T12:18:29 GMT" skipped="0">
  <testcase classname="testCases.userRole" name="checkUserRole" time="8.966"/>
  <system-out/>
</testsuite> <!-- testCases.userRole -->
